app/build/intermediates/manifest_merge_blame_file/release/manifest-merger-blame-release-report.txt
1<?xml version="1.0" encoding="utf-8"?>
2<manifest xmlns:android="http://schemas.android.com/apk/res/android"
3    package="com.internstep.user"
4    android:versionCode="1"
5    android:versionName="1.0-beta" >
6
7    <uses-sdk
8        android:minSdkVersion="21"
8-->src\main\AndroidManifest.xml
9        android:targetSdkVersion="29" />
9-->src\main\AndroidManifest.xml
10
11    <uses-permission android:name="android.permission.INTERNET" />
11-->src\main\AndroidManifest.xml:5:5-67
11-->src\main\AndroidManifest.xml:5:22-64
12    <uses-permission android:name="android.permission.READ_EXTERNAL_STORAGE" />
12-->src\main\AndroidManifest.xml:6:5-79
12-->src\main\AndroidManifest.xml:6:22-77
13    <uses-permission android:name="android.permission.WRITE_EXTERNAL_STORAGE" />
13-->src\main\AndroidManifest.xml:7:5-80
13-->src\main\AndroidManifest.xml:7:22-78
14    <uses-permission android:name="android.permission.CAMERA" />
14-->src\main\AndroidManifest.xml:9:5-64
14-->src\main\AndroidManifest.xml:9:22-62
15
16    <!-- Although the *SdkVersion is captured in gradle build files, this is required for non gradle builds -->
17    <!-- <uses-sdk android:minSdkVersion="14"/> -->
18    <uses-permission android:name="android.permission.ACCESS_NETWORK_STATE" />
18-->[com.google.firebase:firebase-storage:19.1.0] AndroidManifest.xml:26:5-79
18-->[com.google.firebase:firebase-storage:19.1.0] AndroidManifest.xml:26:22-76
19    <uses-permission android:name="android.permission.WAKE_LOCK" /> <!-- Required by older versions of Google Play services to create IID tokens -->
19-->[com.google.android.gms:play-services-measurement-api:17.2.2] AndroidManifest.xml:24:5-68
19-->[com.google.android.gms:play-services-measurement-api:17.2.2] AndroidManifest.xml:24:22-65
20    <uses-permission android:name="com.google.android.c2dm.permission.RECEIVE" />
20-->[com.google.firebase:firebase-iid:20.0.2] AndroidManifest.xml:26:5-82
20-->[com.google.firebase:firebase-iid:20.0.2] AndroidManifest.xml:26:22-79
21    <uses-permission android:name="com.google.android.finsky.permission.BIND_GET_INSTALL_REFERRER_SERVICE" />
21-->[com.google.android.gms:play-services-measurement:17.2.2] AndroidManifest.xml:26:5-110
21-->[com.google.android.gms:play-services-measurement:17.2.2] AndroidManifest.xml:26:22-107
22
23    <application
23-->src\main\AndroidManifest.xml:10:5-70:19
24        android:allowBackup="true"
24-->src\main\AndroidManifest.xml:11:9-35
25        android:appComponentFactory="androidx.core.app.CoreComponentFactory"
25-->[androidx.core:core:1.1.0] AndroidManifest.xml:24:18-86
26        android:icon="@mipmap/icon_launcher"
26-->src\main\AndroidManifest.xml:12:9-45
27        android:label="@string/app_name"
27-->src\main\AndroidManifest.xml:13:9-41
28        android:largeHeap="true"
28-->src\main\AndroidManifest.xml:17:9-33
29        android:roundIcon="@mipmap/icon_launcher_round"
29-->src\main\AndroidManifest.xml:14:9-56
30        android:supportsRtl="true"
30-->src\main\AndroidManifest.xml:15:9-35
31        android:theme="@style/AppTheme"
31-->src\main\AndroidManifest.xml:18:9-40
32        android:windowSoftInputMode="adjustResize" >
32-->src\main\AndroidManifest.xml:16:9-51
33        <provider
34            android:name="androidx.core.content.FileProvider"
34-->src\main\AndroidManifest.xml:22:13-62
35            android:authorities="com.internstep.user.fileprovider"
35-->src\main\AndroidManifest.xml:23:13-64
36            android:exported="false"
36-->src\main\AndroidManifest.xml:24:13-37
37            android:grantUriPermissions="true" >
37-->src\main\AndroidManifest.xml:25:13-47
38            <meta-data
38-->src\main\AndroidManifest.xml:26:13-28:53
39                android:name="android.support.FILE_PROVIDER_PATHS"
39-->src\main\AndroidManifest.xml:27:17-67
40                android:resource="@xml/file_list" />
40-->src\main\AndroidManifest.xml:28:17-50
41        </provider>
42
43        <activity android:name="com.internstep.user.MainActivity" >
43-->src\main\AndroidManifest.xml:32:9-38:20
43-->src\main\AndroidManifest.xml:32:19-66
44
45            <!--
46            <intent-filter>
47                <action android:name="android.intent.action.MAIN" />
48
49                <category android:name="android.intent.category.LAUNCHER" />
50            </intent-filter>
51            -->
52        </activity>
53        <activity android:name="com.internstep.user.Register" >
53-->src\main\AndroidManifest.xml:40:9-46:20
53-->src\main\AndroidManifest.xml:40:19-62
54
55            <!--
56            <intent-filter>
57                <action android:name="android.intent.action.MAIN" />
58
59                <category android:name="android.intent.category.LAUNCHER" />
60            </intent-filter>
61            -->
62        </activity>
63        <activity android:name="com.internstep.user.Password" />
63-->src\main\AndroidManifest.xml:47:9-46
63-->src\main\AndroidManifest.xml:47:19-43
64        <activity android:name="com.internstep.user.LoginActivity" />
64-->src\main\AndroidManifest.xml:48:9-51
64-->src\main\AndroidManifest.xml:48:19-48
65        <activity android:name="com.internstep.user.Splash_Screen" >
65-->src\main\AndroidManifest.xml:49:9-56:20
65-->src\main\AndroidManifest.xml:49:19-48
66            <intent-filter>
66-->src\main\AndroidManifest.xml:51:13-55:29
67                <action android:name="android.intent.action.MAIN" />
67-->src\main\AndroidManifest.xml:52:17-69
67-->src\main\AndroidManifest.xml:52:25-66
68
69                <category android:name="android.intent.category.LAUNCHER" />
69-->src\main\AndroidManifest.xml:54:17-77
69-->src\main\AndroidManifest.xml:54:27-74
70            </intent-filter>
71        </activity>
72        <activity android:name="com.internstep.user.StartActivity" />
72-->src\main\AndroidManifest.xml:57:9-51
72-->src\main\AndroidManifest.xml:57:19-48
73        <activity android:name="com.internstep.user.InitialProfileActivity" />
73-->src\main\AndroidManifest.xml:58:9-60
73-->src\main\AndroidManifest.xml:58:19-57
74        <activity android:name="com.internstep.user.social_links" />
74-->src\main\AndroidManifest.xml:59:9-50
74-->src\main\AndroidManifest.xml:59:19-47
75        <activity android:name="com.internstep.user.about_me" />
75-->src\main\AndroidManifest.xml:60:9-46
75-->src\main\AndroidManifest.xml:60:19-43
76        <activity android:name="com.internstep.user.my_documents" />
76-->src\main\AndroidManifest.xml:61:9-62:15
76-->src\main\AndroidManifest.xml:61:19-47
77        <activity android:name="com.internstep.user.JobsActivity" />
77-->src\main\AndroidManifest.xml:63:9-50
77-->src\main\AndroidManifest.xml:63:19-47
78        <activity android:name="com.internstep.user.JobsDescription" />
78-->src\main\AndroidManifest.xml:64:9-53
78-->src\main\AndroidManifest.xml:64:19-50
79        <activity
79-->src\main\AndroidManifest.xml:65:9-66:58
80            android:name="com.theartofdev.edmodo.cropper.CropImageActivity"
80-->src\main\AndroidManifest.xml:65:19-82
81            android:theme="@style/Base.Theme.AppCompat" />
81-->src\main\AndroidManifest.xml:66:13-56
82        <activity android:name="com.internstep.user.introslider_base" />
82-->src\main\AndroidManifest.xml:67:9-53
82-->src\main\AndroidManifest.xml:67:19-51
83        <activity android:name="com.internstep.user.SmartApplication" />
83-->src\main\AndroidManifest.xml:68:9-54
83-->src\main\AndroidManifest.xml:68:19-51
84
85        <service
85-->[com.google.firebase:firebase-storage:19.1.0] AndroidManifest.xml:30:9-36:19
86            android:name="com.google.firebase.components.ComponentDiscoveryService"
86-->[com.google.firebase:firebase-storage:19.1.0] AndroidManifest.xml:31:13-84
87            android:directBootAware="true"
87-->[com.google.firebase:firebase-common:19.3.0] AndroidManifest.xml:34:13-43
88            android:exported="false" >
88-->[com.google.firebase:firebase-storage:19.1.0] AndroidManifest.xml:32:13-37
89            <meta-data
89-->[com.google.firebase:firebase-storage:19.1.0] AndroidManifest.xml:33:13-35:85
90                android:name="com.google.firebase.components:com.google.firebase.storage.StorageRegistrar"
90-->[com.google.firebase:firebase-storage:19.1.0] AndroidManifest.xml:34:17-107
91                android:value="com.google.firebase.components.ComponentRegistrar" />
91-->[com.google.firebase:firebase-storage:19.1.0] AndroidManifest.xml:35:17-82
92            <meta-data
92-->[com.google.firebase:firebase-auth:19.3.1] AndroidManifest.xml:36:13-38:85
93                android:name="com.google.firebase.components:com.google.firebase.auth.FirebaseAuthRegistrar"
93-->[com.google.firebase:firebase-auth:19.3.1] AndroidManifest.xml:37:17-109
94                android:value="com.google.firebase.components.ComponentRegistrar" />
94-->[com.google.firebase:firebase-auth:19.3.1] AndroidManifest.xml:38:17-82
95            <meta-data
95-->[com.google.firebase:firebase-database:19.3.1] AndroidManifest.xml:32:13-34:85
96                android:name="com.google.firebase.components:com.google.firebase.database.DatabaseRegistrar"
96-->[com.google.firebase:firebase-database:19.3.1] AndroidManifest.xml:33:17-109
97                android:value="com.google.firebase.components.ComponentRegistrar" />
97-->[com.google.firebase:firebase-database:19.3.1] AndroidManifest.xml:34:17-82
98            <meta-data
98-->[com.google.android.gms:play-services-measurement-api:17.2.2] AndroidManifest.xml:30:13-32:85
99                android:name="com.google.firebase.components:com.google.firebase.analytics.connector.internal.AnalyticsConnectorRegistrar"
99-->[com.google.android.gms:play-services-measurement-api:17.2.2] AndroidManifest.xml:31:17-139
100                android:value="com.google.firebase.components.ComponentRegistrar" />
100-->[com.google.android.gms:play-services-measurement-api:17.2.2] AndroidManifest.xml:32:17-82
101            <meta-data
101-->[com.google.firebase:firebase-iid:20.0.2] AndroidManifest.xml:32:13-34:85
102                android:name="com.google.firebase.components:com.google.firebase.iid.Registrar"
102-->[com.google.firebase:firebase-iid:20.0.2] AndroidManifest.xml:33:17-96
103                android:value="com.google.firebase.components.ComponentRegistrar" />
103-->[com.google.firebase:firebase-iid:20.0.2] AndroidManifest.xml:34:17-82
104        </service>
105
106        <activity
106-->[com.google.firebase:firebase-auth:19.3.1] AndroidManifest.xml:24:9-31:50
107            android:name="com.google.firebase.auth.internal.FederatedSignInActivity"
107-->[com.google.firebase:firebase-auth:19.3.1] AndroidManifest.xml:25:13-85
108            android:excludeFromRecents="true"
108-->[com.google.firebase:firebase-auth:19.3.1] AndroidManifest.xml:26:13-46
109            android:exported="true"
109-->[com.google.firebase:firebase-auth:19.3.1] AndroidManifest.xml:27:13-36
110            android:launchMode="singleTask"
110-->[com.google.firebase:firebase-auth:19.3.1] AndroidManifest.xml:28:13-44
111            android:permission="com.google.firebase.auth.api.gms.permission.LAUNCH_FEDERATED_SIGN_IN"
111-->[com.google.firebase:firebase-auth:19.3.1] AndroidManifest.xml:29:13-102
112            android:theme="@android:style/Theme.Translucent.NoTitleBar" />
112-->[com.google.firebase:firebase-auth:19.3.1] AndroidManifest.xml:30:13-72
113
114        <receiver
114-->[com.google.firebase:firebase-iid:20.0.2] AndroidManifest.xml:37:9-44:20
115            android:name="com.google.firebase.iid.FirebaseInstanceIdReceiver"
115-->[com.google.firebase:firebase-iid:20.0.2] AndroidManifest.xml:38:13-78
116            android:exported="true"
116-->[com.google.firebase:firebase-iid:20.0.2] AndroidManifest.xml:39:13-36
117            android:permission="com.google.android.c2dm.permission.SEND" >
117-->[com.google.firebase:firebase-iid:20.0.2] AndroidManifest.xml:40:13-73
118            <intent-filter>
118-->[com.google.firebase:firebase-iid:20.0.2] AndroidManifest.xml:41:13-43:29
119                <action android:name="com.google.android.c2dm.intent.RECEIVE" />
119-->[com.google.firebase:firebase-iid:20.0.2] AndroidManifest.xml:42:17-81
119-->[com.google.firebase:firebase-iid:20.0.2] AndroidManifest.xml:42:25-78
120            </intent-filter>
121        </receiver>
122
123        <activity
123-->[com.google.android.gms:play-services-base:17.1.0] AndroidManifest.xml:23:9-26:75
124            android:name="com.google.android.gms.common.api.GoogleApiActivity"
124-->[com.google.android.gms:play-services-base:17.1.0] AndroidManifest.xml:24:13-79
125            android:exported="false"
125-->[com.google.android.gms:play-services-base:17.1.0] AndroidManifest.xml:25:13-37
126            android:theme="@android:style/Theme.Translucent.NoTitleBar" />
126-->[com.google.android.gms:play-services-base:17.1.0] AndroidManifest.xml:26:13-72
127
128        <provider
128-->[com.google.firebase:firebase-common:19.3.0] AndroidManifest.xml:26:9-30:39
129            android:name="com.google.firebase.provider.FirebaseInitProvider"
129-->[com.google.firebase:firebase-common:19.3.0] AndroidManifest.xml:27:13-77
130            android:authorities="com.internstep.user.firebaseinitprovider"
130-->[com.google.firebase:firebase-common:19.3.0] AndroidManifest.xml:28:13-72
131            android:exported="false"
131-->[com.google.firebase:firebase-common:19.3.0] AndroidManifest.xml:29:13-37
132            android:initOrder="100" />
132-->[com.google.firebase:firebase-common:19.3.0] AndroidManifest.xml:30:13-36
133
134        <receiver
134-->[com.google.android.gms:play-services-measurement:17.2.2] AndroidManifest.xml:29:9-33:20
135            android:name="com.google.android.gms.measurement.AppMeasurementReceiver"
135-->[com.google.android.gms:play-services-measurement:17.2.2] AndroidManifest.xml:30:13-85
136            android:enabled="true"
136-->[com.google.android.gms:play-services-measurement:17.2.2] AndroidManifest.xml:31:13-35
137            android:exported="false" >
137-->[com.google.android.gms:play-services-measurement:17.2.2] AndroidManifest.xml:32:13-37
138        </receiver>
139        <receiver
139-->[com.google.android.gms:play-services-measurement:17.2.2] AndroidManifest.xml:34:9-42:20
140            android:name="com.google.android.gms.measurement.AppMeasurementInstallReferrerReceiver"
140-->[com.google.android.gms:play-services-measurement:17.2.2] AndroidManifest.xml:35:13-100
141            android:enabled="true"
141-->[com.google.android.gms:play-services-measurement:17.2.2] AndroidManifest.xml:36:13-35
142            android:exported="true"
142-->[com.google.android.gms:play-services-measurement:17.2.2] AndroidManifest.xml:37:13-36
143            android:permission="android.permission.INSTALL_PACKAGES" >
143-->[com.google.android.gms:play-services-measurement:17.2.2] AndroidManifest.xml:38:13-69
144            <intent-filter>
144-->[com.google.android.gms:play-services-measurement:17.2.2] AndroidManifest.xml:39:13-41:29
145                <action android:name="com.android.vending.INSTALL_REFERRER" />
145-->[com.google.android.gms:play-services-measurement:17.2.2] AndroidManifest.xml:40:17-79
145-->[com.google.android.gms:play-services-measurement:17.2.2] AndroidManifest.xml:40:25-76
146            </intent-filter>
147        </receiver>
148
149        <service
149-->[com.google.android.gms:play-services-measurement:17.2.2] AndroidManifest.xml:44:9-47:40
150            android:name="com.google.android.gms.measurement.AppMeasurementService"
150-->[com.google.android.gms:play-services-measurement:17.2.2] AndroidManifest.xml:45:13-84
151            android:enabled="true"
151-->[com.google.android.gms:play-services-measurement:17.2.2] AndroidManifest.xml:46:13-35
152            android:exported="false" />
152-->[com.google.android.gms:play-services-measurement:17.2.2] AndroidManifest.xml:47:13-37
153        <service
153-->[com.google.android.gms:play-services-measurement:17.2.2] AndroidManifest.xml:48:9-52:72
154            android:name="com.google.android.gms.measurement.AppMeasurementJobService"
154-->[com.google.android.gms:play-services-measurement:17.2.2] AndroidManifest.xml:49:13-87
155            android:enabled="true"
155-->[com.google.android.gms:play-services-measurement:17.2.2] AndroidManifest.xml:50:13-35
156            android:exported="false"
156-->[com.google.android.gms:play-services-measurement:17.2.2] AndroidManifest.xml:51:13-37
157            android:permission="android.permission.BIND_JOB_SERVICE" />
157-->[com.google.android.gms:play-services-measurement:17.2.2] AndroidManifest.xml:52:13-69
158
159        <meta-data
159-->[com.google.android.gms:play-services-basement:17.0.0] AndroidManifest.xml:23:9-25:69
160            android:name="com.google.android.gms.version"
160-->[com.google.android.gms:play-services-basement:17.0.0] AndroidManifest.xml:24:13-58
161            android:value="@integer/google_play_services_version" />
161-->[com.google.android.gms:play-services-basement:17.0.0] AndroidManifest.xml:25:13-66
162    </application>
163
164</manifest>